<?xml version="1.0" encoding="UTF-8"?>
<testsuite name="com.ag.peopledb.repository.PeopleRepositoryTest" tests="9" skipped="0" failures="0" errors="0" timestamp="2024-02-01T21:07:49" hostname="LAPTOP-IS8B2KI2" time="0.732">
  <properties/>
  <testcase name="testPersonIdNotFound()" classname="com.ag.peopledb.repository.PeopleRepositoryTest" time="0.428"/>
  <testcase name="canDelete()" classname="com.ag.peopledb.repository.PeopleRepositoryTest" time="0.08"/>
  <testcase name="canFindPersonById()" classname="com.ag.peopledb.repository.PeopleRepositoryTest" time="0.037"/>
  <testcase name="canSaveTwoPeople()" classname="com.ag.peopledb.repository.PeopleRepositoryTest" time="0.033"/>
  <testcase name="canUpdate()" classname="com.ag.peopledb.repository.PeopleRepositoryTest" time="0.041"/>
  <testcase name="canDeleteMultiplePeople()" classname="com.ag.peopledb.repository.PeopleRepositoryTest" time="0.028"/>
  <testcase name="canGetCount()" classname="com.ag.peopledb.repository.PeopleRepositoryTest" time="0.022"/>
  <testcase name="canSaveOnePerson()" classname="com.ag.peopledb.repository.PeopleRepositoryTest" time="0.022"/>
  <testcase name="canFindAll()" classname="com.ag.peopledb.repository.PeopleRepositoryTest" time="0.025"/>
  <system-out><![CDATA[Person{id=359, firstName='test', lastName='ofSaving', dob=2024-02-01T22:07:49.899357500+01:00[Europe/Warsaw]}
Records affected: 1
1 - Deleted entity
Person{id=360, firstName='test', lastName='ofSaving', dob=2024-02-01T22:07:49.987169200+01:00[Europe/Warsaw]}
Records affected: 1
2024-02-01T21:07:49.987169Z
Person{id=361, firstName='John', lastName='Connor', dob=1980-11-01T21:05:10-07:00}
Records affected: 1
Person{id=362, firstName='Bob', lastName='Smith', dob=1985-05-04T01:05:10+04:00}
Records affected: 1
Person{id=363, firstName='John', lastName='Doe', dob=2024-02-01T22:07:50.063945900+01:00[Europe/Warsaw]}
Records affected: 1
2024-02-01T21:07:50.063946Z
2024-02-01T21:07:50.063946Z
Person{id=364, firstName='John', lastName='Doe', dob=2024-02-01T22:07:50.098527500+01:00[Europe/Warsaw]}
Records affected: 1
Person{id=365, firstName='Jan', lastName='Nowak', dob=2024-02-01T22:07:50.099943+01:00[Europe/Warsaw]}
Records affected: 1
2 === deletedRecordsCount
Person{id=366, firstName='test', lastName='ofSaving', dob=2024-02-01T22:07:50.127347300+01:00[Europe/Warsaw]}
Records affected: 1
Person{id=367, firstName='test', lastName='ofSaving', dob=2024-02-01T22:07:50.128622500+01:00[Europe/Warsaw]}
Records affected: 1
Person{id=368, firstName='John', lastName='Connor', dob=1980-11-01T21:05:10-07:00}
Records affected: 1
2001-12-31T23:59:59Z
2001-12-31T23:59:59Z
1991-01-14T23:59:59Z
1995-12-31T23:59:59Z
1975-12-31T23:59:59Z
1990-02-02T23:59:59Z
1995-07-21T12:55:59Z
1987-09-21T12:55:59Z
1987-09-21T12:55:59Z
1980-11-02T04:05:10Z
1980-11-02T04:05:10Z
1980-11-02T04:05:10Z
1985-05-03T21:05:10Z
1980-11-02T04:05:10Z
1985-05-03T21:05:10Z
1980-11-02T04:05:10Z
1980-11-02T04:05:10Z
1985-05-03T21:05:10Z
1980-11-02T04:05:10Z
]]></system-out>
  <system-err><![CDATA[]]></system-err>
</testsuite>
