<?xml version="1.0" encoding="UTF-8"?>
<testsuite name="com.ag.peopledb.repository.PeopleRepositoryTest" tests="1" skipped="0" failures="0" errors="0" timestamp="2024-02-22T21:47:12" hostname="LAPTOP-IS8B2KI2" time="0.588">
  <properties/>
  <testcase name="canSavePersonWithChildren()" classname="com.ag.peopledb.repository.PeopleRepositoryTest" time="0.588"/>
  <system-out><![CDATA[Person{id=5000638, firstName='Kazimierz', lastName='Pawlak', dob=2005-07-11T21:05:10-07:00}
Records affected: 1
Person{id=5000639, firstName='Zenon', lastName='Pawlak', dob=2001-07-11T21:05:10-07:00}
Records affected: 1
Person{id=5000640, firstName='Leon', lastName='Pawlak', dob=2003-07-11T21:05:10-07:00}
Records affected: 1
Person{id=5000637, firstName='Waldemar', lastName='Pawlak', dob=1980-11-01T21:05:10-07:00}
Records affected: 1
]]></system-out>
  <system-err><![CDATA[]]></system-err>
</testsuite>
