<?xml version="1.0" encoding="UTF-8"?>
<testsuite name="com.ag.peopledb.repository.PeopleRepositoryTest" tests="1" skipped="0" failures="0" errors="0" timestamp="2024-02-11T21:35:22" hostname="LAPTOP-IS8B2KI2" time="0.682">
  <properties/>
  <testcase name="canSavePersonWithAddress()" classname="com.ag.peopledb.repository.PeopleRepositoryTest" time="0.682"/>
  <system-out><![CDATA[Address[id=20, streetAddress=123 Bale st, address2=Apt 1a, city=Wala Wala, state=WA, postcode=90210, country=United States, county=Fulton country, region=WEST]
Records affected: 1
Person{id=5000528, firstName='Waldemar', lastName='Pawlak', dob=1980-11-01T21:05:10-07:00}
Records affected: 1
]]></system-out>
  <system-err><![CDATA[]]></system-err>
</testsuite>
