<?xml version="1.0" encoding="UTF-8"?>
<testsuite name="com.ag.peopledb.repository.PeopleRepositoryTest" tests="12" skipped="2" failures="0" errors="0" timestamp="2024-02-12T22:16:09" hostname="LAPTOP-IS8B2KI2" time="42.02">
  <properties/>
  <testcase name="testPersonIdNotFound()" classname="com.ag.peopledb.repository.PeopleRepositoryTest" time="0.568"/>
  <testcase name="canDelete()" classname="com.ag.peopledb.repository.PeopleRepositoryTest" time="17.641"/>
  <testcase name="canFindPersonByIdWithAddress()" classname="com.ag.peopledb.repository.PeopleRepositoryTest" time="0.13"/>
  <testcase name="canFindPersonById()" classname="com.ag.peopledb.repository.PeopleRepositoryTest" time="0.075"/>
  <testcase name="canSaveTwoPeople()" classname="com.ag.peopledb.repository.PeopleRepositoryTest" time="0.062"/>
  <testcase name="canUpdate()" classname="com.ag.peopledb.repository.PeopleRepositoryTest" time="0.075"/>
  <testcase name="canDeleteMultiplePeople()" classname="com.ag.peopledb.repository.PeopleRepositoryTest" time="15.47"/>
  <testcase name="canSavePersonWithAddress()" classname="com.ag.peopledb.repository.PeopleRepositoryTest" time="0.062"/>
  <testcase name="canGetCount()" classname="com.ag.peopledb.repository.PeopleRepositoryTest" time="7.86"/>
  <testcase name="canSaveOnePerson()" classname="com.ag.peopledb.repository.PeopleRepositoryTest" time="0.04"/>
  <testcase name="loadData()" classname="com.ag.peopledb.repository.PeopleRepositoryTest" time="0.001">
    <skipped/>
  </testcase>
  <testcase name="canFindAll()" classname="com.ag.peopledb.repository.PeopleRepositoryTest" time="0.001">
    <skipped/>
  </testcase>
  <system-out><![CDATA[Person{id=5000566, firstName='test', lastName='ofSaving', dob=2024-02-12T23:16:09.800087600+01:00[Europe/Warsaw]}
Records affected: 1
1 - Deleted entity
Address[id=27, streetAddress=123 Bale st, address2=Apt 1a, city=Wala Wala, state=WA, postcode=90210, country=United States, county=Fulton country, region=WEST]
Records affected: 1
Person{id=5000567, firstName='Waldemar', lastName='Pawlak', dob=1980-11-01T21:05:10-07:00}
Records affected: 1
Person{id=5000568, firstName='test', lastName='ofSaving', dob=2024-02-12T23:16:27.570456200+01:00[Europe/Warsaw]}
Records affected: 1
Person{id=5000569, firstName='John', lastName='Connor', dob=1980-11-01T21:05:10-07:00}
Records affected: 1
Person{id=5000570, firstName='Bob', lastName='Smith', dob=1985-05-04T01:05:10+04:00}
Records affected: 1
Person{id=5000571, firstName='John', lastName='Doe', dob=2024-02-12T23:16:27.716482800+01:00[Europe/Warsaw]}
Records affected: 1
Person{id=5000572, firstName='John', lastName='Doe', dob=2024-02-12T23:16:27.781540200+01:00[Europe/Warsaw]}
Records affected: 1
Person{id=5000573, firstName='Jan', lastName='Nowak', dob=2024-02-12T23:16:27.787055200+01:00[Europe/Warsaw]}
Records affected: 1
2 === deletedRecordsCount
Address[id=28, streetAddress=123 Bale st, address2=Apt 1a, city=Wala Wala, state=WA, postcode=90210, country=United States, county=Fulton country, region=WEST]
Records affected: 1
Person{id=5000574, firstName='Waldemar', lastName='Pawlak', dob=1980-11-01T21:05:10-07:00}
Records affected: 1
Person{id=5000575, firstName='test', lastName='ofSaving', dob=2024-02-12T23:16:43.322149900+01:00[Europe/Warsaw]}
Records affected: 1
Person{id=5000576, firstName='test', lastName='ofSaving', dob=2024-02-12T23:16:43.326676400+01:00[Europe/Warsaw]}
Records affected: 1
Person{id=5000577, firstName='John', lastName='Connor', dob=1980-11-01T21:05:10-07:00}
Records affected: 1
]]></system-out>
  <system-err><![CDATA[]]></system-err>
</testsuite>
