<?xml version="1.0" encoding="UTF-8"?>
<testsuite name="com.ag.peopledb.repository.PeopleRepositoryTest" tests="9" skipped="0" failures="0" errors="0" timestamp="2024-01-30T21:30:01" hostname="LAPTOP-IS8B2KI2" time="1.149">
  <properties/>
  <testcase name="testPersonIdNotFound()" classname="com.ag.peopledb.repository.PeopleRepositoryTest" time="0.672"/>
  <testcase name="canDelete()" classname="com.ag.peopledb.repository.PeopleRepositoryTest" time="0.116"/>
  <testcase name="canFindPersonById()" classname="com.ag.peopledb.repository.PeopleRepositoryTest" time="0.059"/>
  <testcase name="canSaveTwoPeople()" classname="com.ag.peopledb.repository.PeopleRepositoryTest" time="0.046"/>
  <testcase name="canUpdate()" classname="com.ag.peopledb.repository.PeopleRepositoryTest" time="0.052"/>
  <testcase name="canDeleteMultiplePeople()" classname="com.ag.peopledb.repository.PeopleRepositoryTest" time="0.052"/>
  <testcase name="canGetCount()" classname="com.ag.peopledb.repository.PeopleRepositoryTest" time="0.044"/>
  <testcase name="canSaveOnePerson()" classname="com.ag.peopledb.repository.PeopleRepositoryTest" time="0.046"/>
  <testcase name="canFindAll()" classname="com.ag.peopledb.repository.PeopleRepositoryTest" time="0.044"/>
  <system-out><![CDATA[Person{id=319, firstName='test', lastName='ofSaving', dob=2024-01-30T22:30:02.323739800+01:00[Europe/Warsaw]}
Records affected: 1
1 - Deleted entity
Person{id=320, firstName='test', lastName='ofSaving', dob=2024-01-30T22:30:02.440470900+01:00[Europe/Warsaw]}
Records affected: 1
2024-01-30T21:30:02.440471Z
Person{id=321, firstName='John', lastName='Connor', dob=1980-11-01T21:05:10-07:00}
Records affected: 1
Person{id=322, firstName='Bob', lastName='Smith', dob=1985-05-04T01:05:10+04:00}
Records affected: 1
Person{id=323, firstName='John', lastName='Doe', dob=2024-01-30T22:30:02.544565100+01:00[Europe/Warsaw]}
Records affected: 1
2024-01-30T21:30:02.544565Z
2024-01-30T21:30:02.544565Z
Person{id=324, firstName='John', lastName='Doe', dob=2024-01-30T22:30:02.601793800+01:00[Europe/Warsaw]}
Records affected: 1
Person{id=325, firstName='Jan', lastName='Nowak', dob=2024-01-30T22:30:02.602799300+01:00[Europe/Warsaw]}
Records affected: 1
2 === deletedRecordsCount
Person{id=326, firstName='test', lastName='ofSaving', dob=2024-01-30T22:30:02.652861100+01:00[Europe/Warsaw]}
Records affected: 1
Person{id=327, firstName='test', lastName='ofSaving', dob=2024-01-30T22:30:02.654912900+01:00[Europe/Warsaw]}
Records affected: 1
Person{id=328, firstName='John', lastName='Connor', dob=1980-11-01T21:05:10-07:00}
Records affected: 1
2001-12-31T23:59:59Z
2001-12-31T23:59:59Z
1991-01-14T23:59:59Z
1995-12-31T23:59:59Z
1975-12-31T23:59:59Z
1990-02-02T23:59:59Z
1995-07-21T12:55:59Z
1987-09-21T12:55:59Z
1987-09-21T12:55:59Z
1980-11-02T04:05:10Z
1980-11-02T04:05:10Z
1980-11-02T04:05:10Z
1985-05-03T21:05:10Z
1980-11-02T04:05:10Z
1985-05-03T21:05:10Z
1980-11-02T04:05:10Z
1980-11-02T04:05:10Z
1985-05-03T21:05:10Z
1980-11-02T04:05:10Z
]]></system-out>
  <system-err><![CDATA[]]></system-err>
</testsuite>
