<?xml version="1.0" encoding="UTF-8"?>
<testsuite name="com.ag.peopledb.repository.PeopleRepositoryTest" tests="14" skipped="2" failures="0" errors="0" timestamp="2024-02-18T22:59:10" hostname="LAPTOP-IS8B2KI2" time="38.771">
  <properties/>
  <testcase name="canFindPersonByIdWithBusinessAddress()" classname="com.ag.peopledb.repository.PeopleRepositoryTest" time="1.43"/>
  <testcase name="canSavePersonWithHomeAddress()" classname="com.ag.peopledb.repository.PeopleRepositoryTest" time="0.188"/>
  <testcase name="testPersonIdNotFound()" classname="com.ag.peopledb.repository.PeopleRepositoryTest" time="0.095"/>
  <testcase name="canDelete()" classname="com.ag.peopledb.repository.PeopleRepositoryTest" time="15.361"/>
  <testcase name="canFindPersonByIdWithHomeAddress()" classname="com.ag.peopledb.repository.PeopleRepositoryTest" time="0.048"/>
  <testcase name="canFindPersonById()" classname="com.ag.peopledb.repository.PeopleRepositoryTest" time="0.035"/>
  <testcase name="canSavePersonWithBusinessAddress()" classname="com.ag.peopledb.repository.PeopleRepositoryTest" time="0.043"/>
  <testcase name="canSaveTwoPeople()" classname="com.ag.peopledb.repository.PeopleRepositoryTest" time="0.06"/>
  <testcase name="canUpdate()" classname="com.ag.peopledb.repository.PeopleRepositoryTest" time="0.079"/>
  <testcase name="canDeleteMultiplePeople()" classname="com.ag.peopledb.repository.PeopleRepositoryTest" time="14.302"/>
  <testcase name="canGetCount()" classname="com.ag.peopledb.repository.PeopleRepositoryTest" time="7.044"/>
  <testcase name="canSaveOnePerson()" classname="com.ag.peopledb.repository.PeopleRepositoryTest" time="0.043"/>
  <testcase name="loadData()" classname="com.ag.peopledb.repository.PeopleRepositoryTest" time="0.002">
    <skipped/>
  </testcase>
  <testcase name="canFindAll()" classname="com.ag.peopledb.repository.PeopleRepositoryTest" time="0.0">
    <skipped/>
  </testcase>
  <system-out><![CDATA[Address[id=44, streetAddress=123 Bale st, address2=Apt 1a, city=Wala Wala, state=WA, postcode=90210, country=United States, county=Fulton country, region=WEST]
Records affected: 1
Person{id=5000622, firstName='Waldemar', lastName='Pawlak', dob=1980-11-01T21:05:10-07:00}
Records affected: 1
Address[id=45, streetAddress=123 Bale st, address2=Apt 1a, city=Wala Wala, state=WA, postcode=90210, country=United States, county=Fulton country, region=WEST]
Records affected: 1
Person{id=5000623, firstName='Waldemar', lastName='Pawlak', dob=1980-11-01T21:05:10-07:00}
Records affected: 1
Person{id=5000624, firstName='test', lastName='ofSaving', dob=2024-02-18T23:59:12.298789500+01:00[Europe/Warsaw]}
Records affected: 1
1 - Deleted entity
Address[id=46, streetAddress=123 Bale st, address2=Apt 1a, city=Wala Wala, state=WA, postcode=90210, country=United States, county=Fulton country, region=WEST]
Records affected: 1
Person{id=5000625, firstName='Waldemar', lastName='Pawlak', dob=1980-11-01T21:05:10-07:00}
Records affected: 1
Person{id=5000626, firstName='test', lastName='ofSaving', dob=2024-02-18T23:59:27.674424+01:00[Europe/Warsaw]}
Records affected: 1
Address[id=47, streetAddress=123 Bale st, address2=Apt 1a, city=Wala Wala, state=WA, postcode=90210, country=United States, county=Fulton country, region=WEST]
Records affected: 1
Person{id=5000627, firstName='Waldemar', lastName='Pawlak', dob=1980-11-01T21:05:10-07:00}
Records affected: 1
Person{id=5000628, firstName='John', lastName='Connor', dob=1980-11-01T21:05:10-07:00}
Records affected: 1
Person{id=5000629, firstName='Bob', lastName='Smith', dob=1985-05-04T01:05:10+04:00}
Records affected: 1
Person{id=5000630, firstName='John', lastName='Doe', dob=2024-02-18T23:59:27.831348400+01:00[Europe/Warsaw]}
Records affected: 1
Person{id=5000631, firstName='John', lastName='Doe', dob=2024-02-18T23:59:27.919131500+01:00[Europe/Warsaw]}
Records affected: 1
Person{id=5000632, firstName='Jan', lastName='Nowak', dob=2024-02-18T23:59:27.924776500+01:00[Europe/Warsaw]}
Records affected: 1
2 === deletedRecordsCount
Person{id=5000633, firstName='test', lastName='ofSaving', dob=2024-02-18T23:59:42.224973200+01:00[Europe/Warsaw]}
Records affected: 1
Person{id=5000634, firstName='test', lastName='ofSaving', dob=2024-02-18T23:59:42.225973300+01:00[Europe/Warsaw]}
Records affected: 1
Person{id=5000635, firstName='John', lastName='Connor', dob=1980-11-01T21:05:10-07:00}
Records affected: 1
]]></system-out>
  <system-err><![CDATA[]]></system-err>
</testsuite>
