<?xml version="1.0" encoding="UTF-8"?>
<testsuite name="com.ag.peopledb.repository.PeopleRepositoryTest" tests="11" skipped="2" failures="0" errors="0" timestamp="2024-02-11T13:50:55" hostname="LAPTOP-IS8B2KI2" time="39.614">
  <properties/>
  <testcase name="testPersonIdNotFound()" classname="com.ag.peopledb.repository.PeopleRepositoryTest" time="0.624"/>
  <testcase name="canDelete()" classname="com.ag.peopledb.repository.PeopleRepositoryTest" time="16.612"/>
  <testcase name="canFindPersonById()" classname="com.ag.peopledb.repository.PeopleRepositoryTest" time="0.067"/>
  <testcase name="canSaveTwoPeople()" classname="com.ag.peopledb.repository.PeopleRepositoryTest" time="0.089"/>
  <testcase name="canUpdate()" classname="com.ag.peopledb.repository.PeopleRepositoryTest" time="0.077"/>
  <testcase name="canDeleteMultiplePeople()" classname="com.ag.peopledb.repository.PeopleRepositoryTest" time="15.146"/>
  <testcase name="canSavePersonWithAddress()" classname="com.ag.peopledb.repository.PeopleRepositoryTest" time="0.088"/>
  <testcase name="canGetCount()" classname="com.ag.peopledb.repository.PeopleRepositoryTest" time="6.849"/>
  <testcase name="canSaveOnePerson()" classname="com.ag.peopledb.repository.PeopleRepositoryTest" time="0.037"/>
  <testcase name="loadData()" classname="com.ag.peopledb.repository.PeopleRepositoryTest" time="0.002">
    <skipped/>
  </testcase>
  <testcase name="canFindAll()" classname="com.ag.peopledb.repository.PeopleRepositoryTest" time="0.0">
    <skipped/>
  </testcase>
  <system-out><![CDATA[Person{id=5000492, firstName='test', lastName='ofSaving', dob=2024-02-11T14:50:55.682030800+01:00[Europe/Warsaw]}
Records affected: 1
1 - Deleted entity
Person{id=5000493, firstName='test', lastName='ofSaving', dob=2024-02-11T14:51:12.286752300+01:00[Europe/Warsaw]}
Records affected: 1
2024-02-11T13:51:12.286752Z
Person{id=5000494, firstName='John', lastName='Connor', dob=1980-11-01T21:05:10-07:00}
Records affected: 1
Person{id=5000495, firstName='Bob', lastName='Smith', dob=1985-05-04T01:05:10+04:00}
Records affected: 1
Person{id=5000496, firstName='John', lastName='Doe', dob=2024-02-11T14:51:12.454999800+01:00[Europe/Warsaw]}
Records affected: 1
2024-02-11T13:51:12.455Z
2024-02-11T13:51:12.455Z
Person{id=5000497, firstName='John', lastName='Doe', dob=2024-02-11T14:51:12.526198700+01:00[Europe/Warsaw]}
Records affected: 1
Person{id=5000498, firstName='Jan', lastName='Nowak', dob=2024-02-11T14:51:12.529201600+01:00[Europe/Warsaw]}
Records affected: 1
2 === deletedRecordsCount
Address[id=14, streetAddress=123 Bale st, address2=Apt 1a, city=Wala Wala, state=WA, postcode=90210, country=United States, county=Fulton country, region=WEST]
Records affected: 1
Person{id=5000499, firstName='Waldemar', lastName='Pawlak', dob=1980-11-01T21:05:10-07:00}
Records affected: 1
Person{id=5000500, firstName='test', lastName='ofSaving', dob=2024-02-11T14:51:27.761778300+01:00[Europe/Warsaw]}
Records affected: 1
Person{id=5000501, firstName='test', lastName='ofSaving', dob=2024-02-11T14:51:27.764955700+01:00[Europe/Warsaw]}
Records affected: 1
Person{id=5000502, firstName='John', lastName='Connor', dob=1980-11-01T21:05:10-07:00}
Records affected: 1
]]></system-out>
  <system-err><![CDATA[]]></system-err>
</testsuite>
