<?xml version="1.0" encoding="UTF-8"?>
<testsuite name="com.ag.peopledb.repository.PeopleRepositoryTest" tests="8" skipped="0" failures="0" errors="0" timestamp="2024-01-27T07:46:06" hostname="LAPTOP-IS8B2KI2" time="0.947">
  <properties/>
  <testcase name="testPersonIdNotFound()" classname="com.ag.peopledb.repository.PeopleRepositoryTest" time="0.625"/>
  <testcase name="canDelete()" classname="com.ag.peopledb.repository.PeopleRepositoryTest" time="0.075"/>
  <testcase name="canFindPersonById()" classname="com.ag.peopledb.repository.PeopleRepositoryTest" time="0.052"/>
  <testcase name="canSaveTwoPeople()" classname="com.ag.peopledb.repository.PeopleRepositoryTest" time="0.038"/>
  <testcase name="canUpdate()" classname="com.ag.peopledb.repository.PeopleRepositoryTest" time="0.041"/>
  <testcase name="canDeleteMultiplePeople()" classname="com.ag.peopledb.repository.PeopleRepositoryTest" time="0.04"/>
  <testcase name="canGetCount()" classname="com.ag.peopledb.repository.PeopleRepositoryTest" time="0.031"/>
  <testcase name="canSaveOnePerson()" classname="com.ag.peopledb.repository.PeopleRepositoryTest" time="0.03"/>
  <system-out><![CDATA[Person{id=121, firstName='test', lastName='ofSaving', dob=2024-01-27T08:46:07.570439900+01:00[Europe/Warsaw]}
Records affected: 1
1 - Deleted person
Person{id=122, firstName='test', lastName='ofSaving', dob=2024-01-27T08:46:07.648076100+01:00[Europe/Warsaw]}
Records affected: 1
2024-01-27T07:46:07.648076Z
Person{id=123, firstName='John', lastName='Connor', dob=1980-11-01T21:05:10-07:00}
Records affected: 1
Person{id=124, firstName='Bob', lastName='Smith', dob=1985-05-04T01:05:10+04:00}
Records affected: 1
Person{id=125, firstName='John', lastName='Doe', dob=2024-01-27T08:46:07.733158400+01:00[Europe/Warsaw]}
Records affected: 1
2024-01-27T07:46:07.733158Z
2024-01-27T07:46:07.733158Z
Person{id=126, firstName='John', lastName='Doe', dob=2024-01-27T08:46:07.777001400+01:00[Europe/Warsaw]}
Records affected: 1
Person{id=127, firstName='Jan', lastName='Nowak', dob=2024-01-27T08:46:07.779006900+01:00[Europe/Warsaw]}
Records affected: 1
2 === deletedRecordsCount
Person{id=128, firstName='test', lastName='ofSaving', dob=2024-01-27T08:46:07.813757300+01:00[Europe/Warsaw]}
Records affected: 1
Person{id=129, firstName='test', lastName='ofSaving', dob=2024-01-27T08:46:07.815627900+01:00[Europe/Warsaw]}
Records affected: 1
Person{id=130, firstName='John', lastName='Connor', dob=1980-11-01T21:05:10-07:00}
Records affected: 1
]]></system-out>
  <system-err><![CDATA[]]></system-err>
</testsuite>
