<?xml version="1.0" encoding="UTF-8"?>
<testsuite name="com.ag.peopledb.repository.PeopleRepositoryTest" tests="1" skipped="0" failures="0" errors="0" timestamp="2024-02-08T22:30:04" hostname="LAPTOP-IS8B2KI2" time="0.365">
  <properties/>
  <testcase name="loadData()" classname="com.ag.peopledb.repository.PeopleRepositoryTest" time="0.365"/>
  <system-out><![CDATA[Person{id=467, firstName='Lizeth', lastName='Mccoll', dob=1973-07-05T08:14:43Z}
Records affected: 1
Person{id=468, firstName='Argentina', lastName='Hern', dob=1962-10-15T02:08:22Z}
Records affected: 1
Person{id=469, firstName='Damian', lastName='Patillo', dob=1975-03-11T19:48:45Z}
Records affected: 1
Person{id=470, firstName='Imogene', lastName='Hagopian', dob=1995-02-19T15:15:09Z}
Records affected: 1
Person{id=471, firstName='Walker', lastName='Wallach', dob=1992-08-05T13:03:46Z}
Records affected: 1
]]></system-out>
  <system-err><![CDATA[]]></system-err>
</testsuite>
