<?xml version="1.0" encoding="UTF-8"?>
<testsuite name="com.ag.peopledb.repository.PeopleRepositoryTest" tests="9" skipped="0" failures="0" errors="0" timestamp="2024-01-28T21:30:19" hostname="LAPTOP-IS8B2KI2" time="0.923">
  <properties/>
  <testcase name="testPersonIdNotFound()" classname="com.ag.peopledb.repository.PeopleRepositoryTest" time="0.48"/>
  <testcase name="canDelete()" classname="com.ag.peopledb.repository.PeopleRepositoryTest" time="0.099"/>
  <testcase name="canFindPersonById()" classname="com.ag.peopledb.repository.PeopleRepositoryTest" time="0.043"/>
  <testcase name="canSaveTwoPeople()" classname="com.ag.peopledb.repository.PeopleRepositoryTest" time="0.033"/>
  <testcase name="canUpdate()" classname="com.ag.peopledb.repository.PeopleRepositoryTest" time="0.068"/>
  <testcase name="canDeleteMultiplePeople()" classname="com.ag.peopledb.repository.PeopleRepositoryTest" time="0.045"/>
  <testcase name="canGetCount()" classname="com.ag.peopledb.repository.PeopleRepositoryTest" time="0.042"/>
  <testcase name="canSaveOnePerson()" classname="com.ag.peopledb.repository.PeopleRepositoryTest" time="0.046"/>
  <testcase name="canFindAll()" classname="com.ag.peopledb.repository.PeopleRepositoryTest" time="0.041"/>
  <system-out><![CDATA[Person{id=211, firstName='test', lastName='ofSaving', dob=2024-01-28T22:30:20.455336300+01:00[Europe/Warsaw]}
Records affected: 1
1 - Deleted entity
Person{id=212, firstName='test', lastName='ofSaving', dob=2024-01-28T22:30:20.557339400+01:00[Europe/Warsaw]}
Records affected: 1
2024-01-28T21:30:20.557339Z
Person{id=213, firstName='John', lastName='Connor', dob=1980-11-01T21:05:10-07:00}
Records affected: 1
Person{id=214, firstName='Bob', lastName='Smith', dob=1985-05-04T01:05:10+04:00}
Records affected: 1
Person{id=215, firstName='John', lastName='Doe', dob=2024-01-28T22:30:20.645962900+01:00[Europe/Warsaw]}
Records affected: 1
2024-01-28T21:30:20.645963Z
2024-01-28T21:30:20.645963Z
Person{id=216, firstName='John', lastName='Doe', dob=2024-01-28T22:30:20.708784900+01:00[Europe/Warsaw]}
Records affected: 1
Person{id=217, firstName='Jan', lastName='Nowak', dob=2024-01-28T22:30:20.711784+01:00[Europe/Warsaw]}
Records affected: 1
2 === deletedRecordsCount
Person{id=218, firstName='test', lastName='ofSaving', dob=2024-01-28T22:30:20.757575900+01:00[Europe/Warsaw]}
Records affected: 1
Person{id=219, firstName='test', lastName='ofSaving', dob=2024-01-28T22:30:20.759570700+01:00[Europe/Warsaw]}
Records affected: 1
Person{id=220, firstName='John', lastName='Connor', dob=1980-11-01T21:05:10-07:00}
Records affected: 1
2001-12-31T23:59:59Z
2001-12-31T23:59:59Z
1991-01-14T23:59:59Z
1995-12-31T23:59:59Z
1975-12-31T23:59:59Z
1990-02-02T23:59:59Z
1995-07-21T12:55:59Z
1987-09-21T12:55:59Z
1987-09-21T12:55:59Z
1980-11-02T04:05:10Z
1980-11-02T04:05:10Z
1980-11-02T04:05:10Z
1985-05-03T21:05:10Z
1980-11-02T04:05:10Z
1985-05-03T21:05:10Z
1980-11-02T04:05:10Z
1980-11-02T04:05:10Z
1985-05-03T21:05:10Z
1980-11-02T04:05:10Z
]]></system-out>
  <system-err><![CDATA[]]></system-err>
</testsuite>
