<?xml version="1.0" encoding="UTF-8"?>
<testsuite name="com.ag.peopledb.repository.PeopleRepositoryTest" tests="11" skipped="2" failures="0" errors="0" timestamp="2024-02-11T12:34:59" hostname="LAPTOP-IS8B2KI2" time="28.566">
  <properties/>
  <testcase name="testPersonIdNotFound()" classname="com.ag.peopledb.repository.PeopleRepositoryTest" time="0.578"/>
  <testcase name="canDelete()" classname="com.ag.peopledb.repository.PeopleRepositoryTest" time="12.285"/>
  <testcase name="canFindPersonById()" classname="com.ag.peopledb.repository.PeopleRepositoryTest" time="0.065"/>
  <testcase name="canSaveTwoPeople()" classname="com.ag.peopledb.repository.PeopleRepositoryTest" time="0.054"/>
  <testcase name="canUpdate()" classname="com.ag.peopledb.repository.PeopleRepositoryTest" time="0.068"/>
  <testcase name="canDeleteMultiplePeople()" classname="com.ag.peopledb.repository.PeopleRepositoryTest" time="10.235"/>
  <testcase name="canSavePersonWithAddress()" classname="com.ag.peopledb.repository.PeopleRepositoryTest" time="0.067"/>
  <testcase name="canGetCount()" classname="com.ag.peopledb.repository.PeopleRepositoryTest" time="5.142"/>
  <testcase name="canSaveOnePerson()" classname="com.ag.peopledb.repository.PeopleRepositoryTest" time="0.043"/>
  <testcase name="loadData()" classname="com.ag.peopledb.repository.PeopleRepositoryTest" time="0.003">
    <skipped/>
  </testcase>
  <testcase name="canFindAll()" classname="com.ag.peopledb.repository.PeopleRepositoryTest" time="0.0">
    <skipped/>
  </testcase>
  <system-out><![CDATA[Person{id=5000479, firstName='test', lastName='ofSaving', dob=2024-02-11T13:34:59.636426500+01:00[Europe/Warsaw]}
Records affected: 1
1 - Deleted entity
Person{id=5000480, firstName='test', lastName='ofSaving', dob=2024-02-11T13:35:11.913461+01:00[Europe/Warsaw]}
Records affected: 1
2024-02-11T12:35:11.913461Z
Person{id=5000481, firstName='John', lastName='Connor', dob=1980-11-01T21:05:10-07:00}
Records affected: 1
Person{id=5000482, firstName='Bob', lastName='Smith', dob=1985-05-04T01:05:10+04:00}
Records affected: 1
Person{id=5000483, firstName='John', lastName='Doe', dob=2024-02-11T13:35:12.034990600+01:00[Europe/Warsaw]}
Records affected: 1
2024-02-11T12:35:12.034991Z
2024-02-11T12:35:12.034991Z
Person{id=5000484, firstName='John', lastName='Doe', dob=2024-02-11T13:35:12.092486400+01:00[Europe/Warsaw]}
Records affected: 1
Person{id=5000485, firstName='Jan', lastName='Nowak', dob=2024-02-11T13:35:12.094483+01:00[Europe/Warsaw]}
Records affected: 1
2 === deletedRecordsCount
Address[id=11, streetAddress=123 Bale st, address2=Apt 1a, city=Wala Wala, state=WA, postcode=90210, country=United States, county=Fulton country, region=WEST]
Records affected: 1
Person{id=5000486, firstName='Waldemar', lastName='Pawlak', dob=1980-11-01T21:05:10-07:00}
Records affected: 1
Person{id=5000487, firstName='test', lastName='ofSaving', dob=2024-02-11T13:35:22.401348200+01:00[Europe/Warsaw]}
Records affected: 1
Person{id=5000488, firstName='test', lastName='ofSaving', dob=2024-02-11T13:35:22.403349+01:00[Europe/Warsaw]}
Records affected: 1
Person{id=5000489, firstName='John', lastName='Connor', dob=1980-11-01T21:05:10-07:00}
Records affected: 1
]]></system-out>
  <system-err><![CDATA[]]></system-err>
</testsuite>
