<?xml version="1.0" encoding="UTF-8"?>
<testsuite name="com.ag.peopledb.repository.PeopleRepositoryTest" tests="1" skipped="0" failures="0" errors="0" timestamp="2024-02-01T21:49:39" hostname="LAPTOP-IS8B2KI2" time="0.426">
  <properties/>
  <testcase name="canDeleteMultiplePeople()" classname="com.ag.peopledb.repository.PeopleRepositoryTest" time="0.426"/>
  <system-out><![CDATA[Person{id=415, firstName='John', lastName='Doe', dob=2024-02-01T22:49:40.225555600+01:00[Europe/Warsaw]}
Records affected: 1
Person{id=416, firstName='Jan', lastName='Nowak', dob=2024-02-01T22:49:40.253465800+01:00[Europe/Warsaw]}
Records affected: 1
2 === deletedRecordsCount
]]></system-out>
  <system-err><![CDATA[]]></system-err>
</testsuite>
