<?xml version="1.0" encoding="UTF-8"?>
<testsuite name="com.ag.peopledb.repository.PeopleRepositoryTest" tests="9" skipped="0" failures="0" errors="0" timestamp="2024-01-30T21:33:39" hostname="LAPTOP-IS8B2KI2" time="0.906">
  <properties/>
  <testcase name="testPersonIdNotFound()" classname="com.ag.peopledb.repository.PeopleRepositoryTest" time="0.509"/>
  <testcase name="canDelete()" classname="com.ag.peopledb.repository.PeopleRepositoryTest" time="0.106"/>
  <testcase name="canFindPersonById()" classname="com.ag.peopledb.repository.PeopleRepositoryTest" time="0.036"/>
  <testcase name="canSaveTwoPeople()" classname="com.ag.peopledb.repository.PeopleRepositoryTest" time="0.04"/>
  <testcase name="canUpdate()" classname="com.ag.peopledb.repository.PeopleRepositoryTest" time="0.047"/>
  <testcase name="canDeleteMultiplePeople()" classname="com.ag.peopledb.repository.PeopleRepositoryTest" time="0.039"/>
  <testcase name="canGetCount()" classname="com.ag.peopledb.repository.PeopleRepositoryTest" time="0.037"/>
  <testcase name="canSaveOnePerson()" classname="com.ag.peopledb.repository.PeopleRepositoryTest" time="0.033"/>
  <testcase name="canFindAll()" classname="com.ag.peopledb.repository.PeopleRepositoryTest" time="0.041"/>
  <system-out><![CDATA[Person{id=339, firstName='test', lastName='ofSaving', dob=2024-01-30T22:33:40.099043200+01:00[Europe/Warsaw]}
Records affected: 1
1 - Deleted entity
Person{id=340, firstName='test', lastName='ofSaving', dob=2024-01-30T22:33:40.193961300+01:00[Europe/Warsaw]}
Records affected: 1
2024-01-30T21:33:40.193961Z
Person{id=341, firstName='John', lastName='Connor', dob=1980-11-01T21:05:10-07:00}
Records affected: 1
Person{id=342, firstName='Bob', lastName='Smith', dob=1985-05-04T01:05:10+04:00}
Records affected: 1
Person{id=343, firstName='John', lastName='Doe', dob=2024-01-30T22:33:40.279771100+01:00[Europe/Warsaw]}
Records affected: 1
2024-01-30T21:33:40.279771Z
2024-01-30T21:33:40.279771Z
Person{id=344, firstName='John', lastName='Doe', dob=2024-01-30T22:33:40.326515800+01:00[Europe/Warsaw]}
Records affected: 1
Person{id=345, firstName='Jan', lastName='Nowak', dob=2024-01-30T22:33:40.328977200+01:00[Europe/Warsaw]}
Records affected: 1
2 === deletedRecordsCount
Person{id=346, firstName='test', lastName='ofSaving', dob=2024-01-30T22:33:40.370472600+01:00[Europe/Warsaw]}
Records affected: 1
Person{id=347, firstName='test', lastName='ofSaving', dob=2024-01-30T22:33:40.372472500+01:00[Europe/Warsaw]}
Records affected: 1
Person{id=348, firstName='John', lastName='Connor', dob=1980-11-01T21:05:10-07:00}
Records affected: 1
2001-12-31T23:59:59Z
2001-12-31T23:59:59Z
1991-01-14T23:59:59Z
1995-12-31T23:59:59Z
1975-12-31T23:59:59Z
1990-02-02T23:59:59Z
1995-07-21T12:55:59Z
1987-09-21T12:55:59Z
1987-09-21T12:55:59Z
1980-11-02T04:05:10Z
1980-11-02T04:05:10Z
1980-11-02T04:05:10Z
1985-05-03T21:05:10Z
1980-11-02T04:05:10Z
1985-05-03T21:05:10Z
1980-11-02T04:05:10Z
1980-11-02T04:05:10Z
1985-05-03T21:05:10Z
1980-11-02T04:05:10Z
]]></system-out>
  <system-err><![CDATA[]]></system-err>
</testsuite>
