<?xml version="1.0" encoding="UTF-8"?>
<testsuite name="com.ag.peopledb.repository.PeopleRepositoryTest" tests="9" skipped="0" failures="0" errors="0" timestamp="2024-01-30T21:27:13" hostname="LAPTOP-IS8B2KI2" time="0.931">
  <properties/>
  <testcase name="testPersonIdNotFound()" classname="com.ag.peopledb.repository.PeopleRepositoryTest" time="0.522"/>
  <testcase name="canDelete()" classname="com.ag.peopledb.repository.PeopleRepositoryTest" time="0.1"/>
  <testcase name="canFindPersonById()" classname="com.ag.peopledb.repository.PeopleRepositoryTest" time="0.045"/>
  <testcase name="canSaveTwoPeople()" classname="com.ag.peopledb.repository.PeopleRepositoryTest" time="0.043"/>
  <testcase name="canUpdate()" classname="com.ag.peopledb.repository.PeopleRepositoryTest" time="0.046"/>
  <testcase name="canDeleteMultiplePeople()" classname="com.ag.peopledb.repository.PeopleRepositoryTest" time="0.044"/>
  <testcase name="canGetCount()" classname="com.ag.peopledb.repository.PeopleRepositoryTest" time="0.036"/>
  <testcase name="canSaveOnePerson()" classname="com.ag.peopledb.repository.PeopleRepositoryTest" time="0.039"/>
  <testcase name="canFindAll()" classname="com.ag.peopledb.repository.PeopleRepositoryTest" time="0.037"/>
  <system-out><![CDATA[Person{id=309, firstName='test', lastName='ofSaving', dob=2024-01-30T22:27:14.099707500+01:00[Europe/Warsaw]}
Records affected: 1
1 - Deleted entity
Person{id=310, firstName='test', lastName='ofSaving', dob=2024-01-30T22:27:14.200548600+01:00[Europe/Warsaw]}
Records affected: 1
2024-01-30T21:27:14.200549Z
Person{id=311, firstName='John', lastName='Connor', dob=1980-11-01T21:05:10-07:00}
Records affected: 1
Person{id=312, firstName='Bob', lastName='Smith', dob=1985-05-04T01:05:10+04:00}
Records affected: 1
Person{id=313, firstName='John', lastName='Doe', dob=2024-01-30T22:27:14.293567600+01:00[Europe/Warsaw]}
Records affected: 1
2024-01-30T21:27:14.293568Z
2024-01-30T21:27:14.293568Z
Person{id=314, firstName='John', lastName='Doe', dob=2024-01-30T22:27:14.344513300+01:00[Europe/Warsaw]}
Records affected: 1
Person{id=315, firstName='Jan', lastName='Nowak', dob=2024-01-30T22:27:14.346788700+01:00[Europe/Warsaw]}
Records affected: 1
2 === deletedRecordsCount
Person{id=316, firstName='test', lastName='ofSaving', dob=2024-01-30T22:27:14.386687300+01:00[Europe/Warsaw]}
Records affected: 1
Person{id=317, firstName='test', lastName='ofSaving', dob=2024-01-30T22:27:14.387703900+01:00[Europe/Warsaw]}
Records affected: 1
Person{id=318, firstName='John', lastName='Connor', dob=1980-11-01T21:05:10-07:00}
Records affected: 1
2001-12-31T23:59:59Z
2001-12-31T23:59:59Z
1991-01-14T23:59:59Z
1995-12-31T23:59:59Z
1975-12-31T23:59:59Z
1990-02-02T23:59:59Z
1995-07-21T12:55:59Z
1987-09-21T12:55:59Z
1987-09-21T12:55:59Z
1980-11-02T04:05:10Z
1980-11-02T04:05:10Z
1980-11-02T04:05:10Z
1985-05-03T21:05:10Z
1980-11-02T04:05:10Z
1985-05-03T21:05:10Z
1980-11-02T04:05:10Z
1980-11-02T04:05:10Z
1985-05-03T21:05:10Z
1980-11-02T04:05:10Z
]]></system-out>
  <system-err><![CDATA[]]></system-err>
</testsuite>
