<?xml version="1.0" encoding="UTF-8"?>
<testsuite name="com.ag.peopledb.repository.PeopleRepositoryTest" tests="9" skipped="0" failures="0" errors="0" timestamp="2024-01-28T06:47:31" hostname="LAPTOP-IS8B2KI2" time="1.001">
  <properties/>
  <testcase name="testPersonIdNotFound()" classname="com.ag.peopledb.repository.PeopleRepositoryTest" time="0.548"/>
  <testcase name="canDelete()" classname="com.ag.peopledb.repository.PeopleRepositoryTest" time="0.134"/>
  <testcase name="canFindPersonById()" classname="com.ag.peopledb.repository.PeopleRepositoryTest" time="0.045"/>
  <testcase name="canSaveTwoPeople()" classname="com.ag.peopledb.repository.PeopleRepositoryTest" time="0.044"/>
  <testcase name="canUpdate()" classname="com.ag.peopledb.repository.PeopleRepositoryTest" time="0.048"/>
  <testcase name="canDeleteMultiplePeople()" classname="com.ag.peopledb.repository.PeopleRepositoryTest" time="0.042"/>
  <testcase name="canGetCount()" classname="com.ag.peopledb.repository.PeopleRepositoryTest" time="0.036"/>
  <testcase name="canSaveOnePerson()" classname="com.ag.peopledb.repository.PeopleRepositoryTest" time="0.042"/>
  <testcase name="canFindAll()" classname="com.ag.peopledb.repository.PeopleRepositoryTest" time="0.041"/>
  <system-out><![CDATA[Person{id=181, firstName='test', lastName='ofSaving', dob=2024-01-28T07:47:32.446792300+01:00[Europe/Warsaw]}
Records affected: 1
1 - Deleted entity
Person{id=182, firstName='test', lastName='ofSaving', dob=2024-01-28T07:47:32.560049100+01:00[Europe/Warsaw]}
Records affected: 1
2024-01-28T06:47:32.560049Z
Person{id=183, firstName='John', lastName='Connor', dob=1980-11-01T21:05:10-07:00}
Records affected: 1
Person{id=184, firstName='Bob', lastName='Smith', dob=1985-05-04T01:05:10+04:00}
Records affected: 1
Person{id=185, firstName='John', lastName='Doe', dob=2024-01-28T07:47:32.654679100+01:00[Europe/Warsaw]}
Records affected: 1
2024-01-28T06:47:32.654679Z
2024-01-28T06:47:32.654679Z
Person{id=186, firstName='John', lastName='Doe', dob=2024-01-28T07:47:32.700735100+01:00[Europe/Warsaw]}
Records affected: 1
Person{id=187, firstName='Jan', lastName='Nowak', dob=2024-01-28T07:47:32.701763300+01:00[Europe/Warsaw]}
Records affected: 1
2 === deletedRecordsCount
Person{id=188, firstName='test', lastName='ofSaving', dob=2024-01-28T07:47:32.747509700+01:00[Europe/Warsaw]}
Records affected: 1
Person{id=189, firstName='test', lastName='ofSaving', dob=2024-01-28T07:47:32.749014200+01:00[Europe/Warsaw]}
Records affected: 1
Person{id=190, firstName='John', lastName='Connor', dob=1980-11-01T21:05:10-07:00}
Records affected: 1
2001-12-31T23:59:59Z
2001-12-31T23:59:59Z
1991-01-14T23:59:59Z
1995-12-31T23:59:59Z
1975-12-31T23:59:59Z
1990-02-02T23:59:59Z
1995-07-21T12:55:59Z
1987-09-21T12:55:59Z
1987-09-21T12:55:59Z
1980-11-02T04:05:10Z
1980-11-02T04:05:10Z
1980-11-02T04:05:10Z
1985-05-03T21:05:10Z
1980-11-02T04:05:10Z
1985-05-03T21:05:10Z
1980-11-02T04:05:10Z
1980-11-02T04:05:10Z
1985-05-03T21:05:10Z
1980-11-02T04:05:10Z
]]></system-out>
  <system-err><![CDATA[]]></system-err>
</testsuite>
