<?xml version="1.0" encoding="UTF-8"?>
<testsuite name="com.ag.peopledb.repository.PeopleRepositoryTest" tests="8" skipped="0" failures="0" errors="0" timestamp="2024-01-27T06:40:33" hostname="LAPTOP-IS8B2KI2" time="1.007">
  <properties/>
  <testcase name="testPersonIdNotFound()" classname="com.ag.peopledb.repository.PeopleRepositoryTest" time="0.583"/>
  <testcase name="canDelete()" classname="com.ag.peopledb.repository.PeopleRepositoryTest" time="0.097"/>
  <testcase name="canFindPersonById()" classname="com.ag.peopledb.repository.PeopleRepositoryTest" time="0.08"/>
  <testcase name="canSaveTwoPeople()" classname="com.ag.peopledb.repository.PeopleRepositoryTest" time="0.054"/>
  <testcase name="canUpdate()" classname="com.ag.peopledb.repository.PeopleRepositoryTest" time="0.039"/>
  <testcase name="canDeleteMultiplePeople()" classname="com.ag.peopledb.repository.PeopleRepositoryTest" time="0.041"/>
  <testcase name="canGetCount()" classname="com.ag.peopledb.repository.PeopleRepositoryTest" time="0.045"/>
  <testcase name="canSaveOnePerson()" classname="com.ag.peopledb.repository.PeopleRepositoryTest" time="0.043"/>
  <system-out><![CDATA[Person{id=101, firstName='test', lastName='ofSaving', dob=2024-01-27T07:40:34.222927800+01:00[Europe/Warsaw]}
Records affected: 1
1 - Deleted person
Person{id=102, firstName='test', lastName='ofSaving', dob=2024-01-27T07:40:34.326860200+01:00[Europe/Warsaw]}
Records affected: 1
2024-01-27T06:40:34.326860Z
Person{id=103, firstName='John', lastName='Connor', dob=1980-11-01T21:05:10-07:00}
Records affected: 1
Person{id=104, firstName='Bob', lastName='Smith', dob=1985-05-04T01:05:10+04:00}
Records affected: 1
Person{id=105, firstName='John', lastName='Doe', dob=2024-01-27T07:40:34.457362500+01:00[Europe/Warsaw]}
Records affected: 1
2024-01-27T06:40:34.457363Z
2024-01-27T06:40:34.457363Z
Person{id=106, firstName='John', lastName='Doe', dob=2024-01-27T07:40:34.503507600+01:00[Europe/Warsaw]}
Records affected: 1
Person{id=107, firstName='Jan', lastName='Nowak', dob=2024-01-27T07:40:34.504891200+01:00[Europe/Warsaw]}
Records affected: 1
2 === deletedRecordsCount
Person{id=108, firstName='test', lastName='ofSaving', dob=2024-01-27T07:40:34.552893800+01:00[Europe/Warsaw]}
Records affected: 1
Person{id=109, firstName='test', lastName='ofSaving', dob=2024-01-27T07:40:34.554893800+01:00[Europe/Warsaw]}
Records affected: 1
Person{id=110, firstName='John', lastName='Connor', dob=1980-11-01T21:05:10-07:00}
Records affected: 1
]]></system-out>
  <system-err><![CDATA[]]></system-err>
</testsuite>
