<?xml version="1.0" encoding="UTF-8"?>
<testsuite name="com.ag.peopledb.repository.PeopleRepositoryTest" tests="9" skipped="0" failures="0" errors="0" timestamp="2024-01-30T21:02:48" hostname="LAPTOP-IS8B2KI2" time="0.816">
  <properties/>
  <testcase name="testPersonIdNotFound()" classname="com.ag.peopledb.repository.PeopleRepositoryTest" time="0.442"/>
  <testcase name="canDelete()" classname="com.ag.peopledb.repository.PeopleRepositoryTest" time="0.116"/>
  <testcase name="canFindPersonById()" classname="com.ag.peopledb.repository.PeopleRepositoryTest" time="0.038"/>
  <testcase name="canSaveTwoPeople()" classname="com.ag.peopledb.repository.PeopleRepositoryTest" time="0.037"/>
  <testcase name="canUpdate()" classname="com.ag.peopledb.repository.PeopleRepositoryTest" time="0.038"/>
  <testcase name="canDeleteMultiplePeople()" classname="com.ag.peopledb.repository.PeopleRepositoryTest" time="0.034"/>
  <testcase name="canGetCount()" classname="com.ag.peopledb.repository.PeopleRepositoryTest" time="0.029"/>
  <testcase name="canSaveOnePerson()" classname="com.ag.peopledb.repository.PeopleRepositoryTest" time="0.032"/>
  <testcase name="canFindAll()" classname="com.ag.peopledb.repository.PeopleRepositoryTest" time="0.035"/>
  <system-out><![CDATA[Person{id=269, firstName='test', lastName='ofSaving', dob=2024-01-30T22:02:48.592715800+01:00[Europe/Warsaw]}
Records affected: 1
1 - Deleted entity
Person{id=270, firstName='test', lastName='ofSaving', dob=2024-01-30T22:02:48.703447600+01:00[Europe/Warsaw]}
Records affected: 1
2024-01-30T21:02:48.703448Z
Person{id=271, firstName='John', lastName='Connor', dob=1980-11-01T21:05:10-07:00}
Records affected: 1
Person{id=272, firstName='Bob', lastName='Smith', dob=1985-05-04T01:05:10+04:00}
Records affected: 1
Person{id=273, firstName='John', lastName='Doe', dob=2024-01-30T22:02:48.779305300+01:00[Europe/Warsaw]}
Records affected: 1
2024-01-30T21:02:48.779305Z
2024-01-30T21:02:48.779305Z
Person{id=274, firstName='John', lastName='Doe', dob=2024-01-30T22:02:48.819718700+01:00[Europe/Warsaw]}
Records affected: 1
Person{id=275, firstName='Jan', lastName='Nowak', dob=2024-01-30T22:02:48.821070600+01:00[Europe/Warsaw]}
Records affected: 1
2 === deletedRecordsCount
Person{id=276, firstName='test', lastName='ofSaving', dob=2024-01-30T22:02:48.852621500+01:00[Europe/Warsaw]}
Records affected: 1
Person{id=277, firstName='test', lastName='ofSaving', dob=2024-01-30T22:02:48.853620800+01:00[Europe/Warsaw]}
Records affected: 1
Person{id=278, firstName='John', lastName='Connor', dob=1980-11-01T21:05:10-07:00}
Records affected: 1
2001-12-31T23:59:59Z
2001-12-31T23:59:59Z
1991-01-14T23:59:59Z
1995-12-31T23:59:59Z
1975-12-31T23:59:59Z
1990-02-02T23:59:59Z
1995-07-21T12:55:59Z
1987-09-21T12:55:59Z
1987-09-21T12:55:59Z
1980-11-02T04:05:10Z
1980-11-02T04:05:10Z
1980-11-02T04:05:10Z
1985-05-03T21:05:10Z
1980-11-02T04:05:10Z
1985-05-03T21:05:10Z
1980-11-02T04:05:10Z
1980-11-02T04:05:10Z
1985-05-03T21:05:10Z
1980-11-02T04:05:10Z
]]></system-out>
  <system-err><![CDATA[]]></system-err>
</testsuite>
